<?xml version="1.0" encoding="UTF-8"?>
<!-- Generated by org.testng.reporters.JUnitXMLReporter -->
<testsuite ignored="0" hostname="yuliiapuziuk-r" failures="0" tests="3" name="Test" time="28.537" errors="0" timestamp="2023-03-27T17:35:58 CEST">
  <testcase classname="org.example.ChromeTest1" name="test1" time="3.405"/>
  <testcase classname="org.example.ChromeTest2" name="test2" time="4.045"/>
  <testcase classname="org.example.ChromeTest3" name="test3" time="4.299"/>
</testsuite> <!-- Test -->
