<?xml version="1.0" encoding="UTF-8"?>
<testng-results ignored="0" total="3" passed="3" failed="0" skipped="0">
  <reporter-output>
  </reporter-output>
  <suite started-at="2023-03-27T17:35:29 CEST" name="Suite" finished-at="2023-03-27T17:35:58 CEST" duration-ms="28537">
    <groups>
    </groups>
    <test started-at="2023-03-27T17:35:29 CEST" name="Test" finished-at="2023-03-27T17:35:58 CEST" duration-ms="28537">
      <class name="org.example.ChromeTest2">
        <test-method signature="test2()[pri:0, instance:org.example.ChromeTest2@7c0c77c7]" started-at="2023-03-27T17:35:50 CEST" name="test2" finished-at="2023-03-27T17:35:54 CEST" duration-ms="4045" status="PASS">
          <reporter-output>
          </reporter-output>
        </test-method> <!-- test2 -->
      </class> <!-- org.example.ChromeTest2 -->
      <class name="org.example.ChromeTest3">
        <test-method signature="test3()[pri:0, instance:org.example.ChromeTest3@7adda9cc]" started-at="2023-03-27T17:35:50 CEST" name="test3" finished-at="2023-03-27T17:35:55 CEST" duration-ms="4299" status="PASS">
          <reporter-output>
          </reporter-output>
        </test-method> <!-- test3 -->
      </class> <!-- org.example.ChromeTest3 -->
      <class name="org.example.ChromeTest1">
        <test-method is-config="true" signature="startDockerScale()[pri:0, instance:org.example.ChromeTest1@1f3f4916]" started-at="2023-03-27T17:35:29 CEST" name="startDockerScale" finished-at="2023-03-27T17:35:50 CEST" duration-ms="21178" status="PASS">
          <reporter-output>
          </reporter-output>
        </test-method> <!-- startDockerScale -->
        <test-method signature="test1()[pri:0, instance:org.example.ChromeTest1@1f3f4916]" started-at="2023-03-27T17:35:50 CEST" name="test1" finished-at="2023-03-27T17:35:54 CEST" duration-ms="3405" status="PASS">
          <reporter-output>
          </reporter-output>
        </test-method> <!-- test1 -->
        <test-method is-config="true" signature="stopDockerDeleteFile()[pri:0, instance:org.example.ChromeTest1@1f3f4916]" started-at="2023-03-27T17:35:55 CEST" name="stopDockerDeleteFile" finished-at="2023-03-27T17:35:58 CEST" duration-ms="3021" status="PASS">
          <reporter-output>
          </reporter-output>
        </test-method> <!-- stopDockerDeleteFile -->
      </class> <!-- org.example.ChromeTest1 -->
    </test> <!-- Test -->
  </suite> <!-- Suite -->
</testng-results>
